C:\InitialMPIproject\Initial\x64\Debug\cl.command.1.tlog
C:\InitialMPIproject\Initial\x64\Debug\CL.read.1.tlog
C:\InitialMPIproject\Initial\x64\Debug\CL.write.1.tlog
C:\InitialMPIproject\Initial\x64\Debug\func.obj
C:\InitialMPIproject\Initial\x64\Debug\icpi.obj
C:\InitialMPIproject\Initial\x64\Debug\Initial.exe.embed.manifest
C:\InitialMPIproject\Initial\x64\Debug\Initial.exe.embed.manifest.res
C:\InitialMPIproject\Initial\x64\Debug\Initial.write.1.tlog
C:\InitialMPIproject\Initial\x64\Debug\Initial_manifest.rc
C:\InitialMPIproject\Initial\x64\Debug\link.command.1.tlog
C:\InitialMPIproject\Initial\x64\Debug\link.read.1.tlog
C:\InitialMPIproject\Initial\x64\Debug\link.write.1.tlog
C:\InitialMPIproject\Initial\x64\Debug\rc.command.1.tlog
C:\InitialMPIproject\Initial\x64\Debug\rc.read.1.tlog
C:\InitialMPIproject\Initial\x64\Debug\rc.write.1.tlog
C:\InitialMPIproject\Initial\x64\Debug\vc100.idb
C:\InitialMPIproject\Initial\x64\Debug\vc100.pdb
C:\InitialMPIproject\x64\Debug\Initial.exe
C:\USERS\DELL\DESKTOP\AVRAHAM\INITIALMPIPROJECT\INITIAL\X64\DEBUG\FUNC.OBJ
C:\USERS\DELL\DESKTOP\AVRAHAM\INITIALMPIPROJECT\INITIAL\X64\DEBUG\ICPI.OBJ
C:\USERS\DELL\DESKTOP\AVRAHAM\INITIALMPIPROJECT\INITIAL\X64\DEBUG\INITIAL.EXE.EMBED.MANIFEST.RES
C:\USERS\DELL\DESKTOP\AVRAHAM\INITIALMPIPROJECT\INITIAL\X64\DEBUG\VC100.PDB
